[04Feb2025 00:02:09.985] [Server thread/INFO] [net.minecraft.server.MinecraftServer/]: [Streeg11: The difficulty has been set to Peaceful]
[04Feb2025 00:02:14.220] [Server thread/INFO] [net.minecraft.server.MinecraftServer/]: [Streeg11: The difficulty has been set to Hard]
[04Feb2025 00:02:15.056] [Server thread/WARN] [net.minecraft.server.level.ServerLevel/]: Tried to add entity xp_jellies:smallexperiencejellyfish but it was marked as removed already
[04Feb2025 00:02:15.056] [Server thread/WARN] [net.minecraft.server.level.ServerLevel/]: Tried to add entity xp_jellies:smallexperiencejellyfish but it was marked as removed already
[04Feb2025 00:02:16.006] [Server thread/WARN] [net.minecraft.server.level.ServerLevel/]: Tried to add entity xp_jellies:smallexperiencejellyfish but it was marked as removed already
[04Feb2025 00:02:16.106] [Server thread/WARN] [net.minecraft.server.level.ServerLevel/]: Tried to add entity xp_jellies:smallexperiencejellyfish but it was marked as removed already
[04Feb2025 00:02:16.106] [Server thread/WARN] [net.minecraft.server.level.ServerLevel/]: Tried to add entity xp_jellies:smallexperiencejellyfish but it was marked as removed already
[04Feb2025 00:04:23.361] [Server thread/WARN] [net.minecraft.server.level.ServerLevel/]: Tried to add entity xp_jellies:largeexperiencejellyfish but it was marked as removed already
[04Feb2025 00:04:23.362] [Server thread/WARN] [net.minecraft.server.level.ServerLevel/]: Tried to add entity xp_jellies:largeexperiencejellyfish but it was marked as removed already
[04Feb2025 00:04:24.168] [Server thread/WARN] [net.minecraft.server.level.ServerLevel/]: Tried to add entity xp_jellies:largeexperiencejellyfish but it was marked as removed already
[04Feb2025 00:04:25.456] [Server thread/INFO] [net.minecraft.server.MinecraftServer/]: [Not Secure] <Streeg11> asd
[04Feb2025 00:04:29.174] [Server thread/INFO] [net.minecraft.server.MinecraftServer/]: [Not Secure] <Streeg11> asd
[04Feb2025 00:04:34.012] [Server thread/INFO] [net.minecraft.server.MinecraftServer/]: [Streeg11: Set own game mode to Creative Mode]
[04Feb2025 00:04:47.629] [Server thread/INFO] [net.minecraft.server.MinecraftServer/]: [Streeg11: Set own game mode to Survival Mode]
[04Feb2025 00:05:25.997] [Server thread/WARN] [net.minecraft.server.level.ServerLevel/]: Tried to add entity xp_jellies:smallexperiencejellyfish but it was marked as removed already
[04Feb2025 00:05:44.913] [Server thread/WARN] [net.minecraft.server.level.ServerLevel/]: Tried to add entity xp_jellies:smallexperiencejellyfish but it was marked as removed already
[04Feb2025 00:05:58.913] [Server thread/WARN] [net.minecraft.server.level.ServerLevel/]: Tried to add entity xp_jellies:smallexperiencejellyfish but it was marked as removed already
[04Feb2025 00:06:33.840] [Server thread/WARN] [net.minecraft.server.level.ServerLevel/]: Tried to add entity xp_jellies:largeexperiencejellyfish but it was marked as removed already
[04Feb2025 00:06:34.330] [Server thread/WARN] [net.minecraft.server.level.ServerLevel/]: Tried to add entity xp_jellies:smallexperiencejellyfish but it was marked as removed already
[04Feb2025 00:07:09.271] [Server thread/WARN] [net.minecraft.server.level.ServerLevel/]: Tried to add entity xp_jellies:smallexperiencejellyfish but it was marked as removed already
[04Feb2025 00:07:55.010] [Server thread/INFO] [net.minecraft.server.MinecraftServer/]: [Streeg11: Set the time to 13000]
[04Feb2025 00:08:17.566] [Server thread/WARN] [net.minecraft.server.level.ServerLevel/]: Tried to add entity xp_jellies:smallexperiencejellyfish but it was marked as removed already
